0 info it worked if it ends with ok
1 verbose cli [ '/usr/bin/nodejs', '/usr/bin/npm', 'run', 'sass' ]
2 info using npm@3.5.2
3 info using node@v4.2.6
4 verbose run-script [ 'presass', 'sass', 'postsass' ]
5 info lifecycle recursos-app@1.0.0~presass: recursos-app@1.0.0
6 silly lifecycle recursos-app@1.0.0~presass: no script for presass, continuing
7 info lifecycle recursos-app@1.0.0~sass: recursos-app@1.0.0
8 verbose lifecycle recursos-app@1.0.0~sass: unsafe-perm in lifecycle true
9 verbose lifecycle recursos-app@1.0.0~sass: PATH: /usr/share/npm/bin/node-gyp-bin:/home/yunerkis/Recursos-APP/node_modules/.bin:/home/yunerkis/bin:/home/yunerkis/.local/bin:/usr/local/sbin:/usr/local/bin:/usr/sbin:/usr/bin:/sbin:/bin:/usr/games:/usr/local/games:/snap/bin:/home/yunerkis/.antigen/bundles/robbyrussell/oh-my-zsh/lib:/home/yunerkis/.antigen/bundles/zsh-users/zsh-syntax-highlighting:/home/yunerkis/.antigen/bundles/zsh-users/zsh-autosuggestions:/home/yunerkis/.antigen/bundles/robbyrussell/oh-my-zsh/plugins/jump:/home/yunerkis/Android/Sdk/platform-tools:/home/yunerkis/bin:/home/yunerkis/.local/bin:/usr/local/sbin:/usr/local/bin:/usr/sbin:/usr/bin:/sbin:/bin:/usr/games:/usr/local/games:/snap/bin:/home/yunerkis/.antigen/bundles/robbyrussell/oh-my-zsh/lib:/home/yunerkis/.antigen/bundles/zsh-users/zsh-syntax-highlighting:/home/yunerkis/.antigen/bundles/zsh-users/zsh-autosuggestions:/home/yunerkis/.antigen/bundles/robbyrussell/oh-my-zsh/plugins/jump:/home/yunerkis/Android/Sdk/tools
10 verbose lifecycle recursos-app@1.0.0~sass: CWD: /home/yunerkis/Recursos-APP
11 silly lifecycle recursos-app@1.0.0~sass: Args: [ '-c',
11 silly lifecycle   'node-sass ./Recursos-APP/Resources/scss/styles.scss ./Recursos-APP/Resources/css/styles.css -w ' ]
12 info lifecycle recursos-app@1.0.0~sass: Failed to exec sass script
13 verbose stack Error: recursos-app@1.0.0 sass: `node-sass ./Recursos-APP/Resources/scss/styles.scss ./Recursos-APP/Resources/css/styles.css -w `
13 verbose stack spawn ENOENT
13 verbose stack     at ChildProcess.<anonymous> (/usr/share/npm/lib/utils/spawn.js:17:16)
13 verbose stack     at emitTwo (events.js:87:13)
13 verbose stack     at ChildProcess.emit (events.js:172:7)
13 verbose stack     at maybeClose (internal/child_process.js:821:16)
13 verbose stack     at Process.ChildProcess._handle.onexit (internal/child_process.js:211:5)
14 verbose pkgid recursos-app@1.0.0
15 verbose cwd /home/yunerkis/Recursos-APP
16 error Linux 4.13.0-38-generic
17 error argv "/usr/bin/nodejs" "/usr/bin/npm" "run" "sass"
18 error node v4.2.6
19 error npm  v3.5.2
20 error file sh
21 error code ELIFECYCLE
22 error errno ENOENT
23 error syscall spawn
24 error recursos-app@1.0.0 sass: `node-sass ./Recursos-APP/Resources/scss/styles.scss ./Recursos-APP/Resources/css/styles.css -w `
24 error spawn ENOENT
25 error Failed at the recursos-app@1.0.0 sass script 'node-sass ./Recursos-APP/Resources/scss/styles.scss ./Recursos-APP/Resources/css/styles.css -w '.
25 error Make sure you have the latest version of node.js and npm installed.
25 error If you do, this is most likely a problem with the recursos-app package,
25 error not with npm itself.
25 error Tell the author that this fails on your system:
25 error     node-sass ./Recursos-APP/Resources/scss/styles.scss ./Recursos-APP/Resources/css/styles.css -w
25 error You can get information on how to open an issue for this project with:
25 error     npm bugs recursos-app
25 error Or if that isn't available, you can get their info via:
25 error     npm owner ls recursos-app
25 error There is likely additional logging output above.
26 verbose exit [ 1, true ]
